# JRE version: OpenJDK Runtime Environment (17.0.10) (build 17.0.10+0--11609105)
# Java VM: OpenJDK 64-Bit Server VM (17.0.10+0--11609105, mixed mode, tiered, compressed oops, compressed class ptrs, g1 gc, windows-amd64)
GC Precious Log:
 CPUs: 4 total, 4 available
 Memory: 8086M
 Large Page Support: Disabled
 NUMA Support: Disabled
 Compressed Oops: Enabled (32-bit)
 Heap Region Size: 1M
 Heap Min Capacity: 8M
 Heap Initial Capacity: 128M
 Heap Max Capacity: 2G
 Pre-touch: Disabled
 Parallel Workers: 4
 Concurrent Workers: 1
 Concurrent Refinement Workers: 4
 Periodic GC: Disabled
Heap:
 garbage-first heap   total 152576K, used 128368K [0x0000000080000000, 0x0000000100000000)
  region size 1024K, 1 young (1024K), 1 survivors (1024K)
 Metaspace       used 104063K, committed 104768K, reserved 1179648K
  class space    used 14181K, committed 14528K, reserved 1048576K
GC Heap History (20 events):
Event: 47.142 GC heap after
{Heap after GC invocations=48 (full 0):
 garbage-first heap   total 152576K, used 92638K [0x0000000080000000, 0x0000000100000000)
  region size 1024K, 3 young (3072K), 3 survivors (3072K)
 Metaspace       used 96178K, committed 96896K, reserved 1179648K
  class space    used 13327K, committed 13696K, reserved 1048576K
}
Event: 48.570 GC heap before
{Heap before GC invocations=48 (full 0):
 garbage-first heap   total 152576K, used 127454K [0x0000000080000000, 0x0000000100000000)
  region size 1024K, 37 young (37888K), 3 survivors (3072K)
 Metaspace       used 98278K, committed 98944K, reserved 1179648K
  class space    used 13612K, committed 13952K, reserved 1048576K
}
Event: 48.576 GC heap after
{Heap after GC invocations=49 (full 0):
 garbage-first heap   total 152576K, used 93933K [0x0000000080000000, 0x0000000100000000)
  region size 1024K, 4 young (4096K), 4 survivors (4096K)
 Metaspace       used 98278K, committed 98944K, reserved 1179648K
  class space    used 13612K, committed 13952K, reserved 1048576K
}
Event: 1328.015 GC heap before
{Heap before GC invocations=49 (full 0):
 garbage-first heap   total 152576K, used 125677K [0x0000000080000000, 0x0000000100000000)
  region size 1024K, 36 young (36864K), 4 survivors (4096K)
 Metaspace       used 98541K, committed 99200K, reserved 1179648K
  class space    used 13614K, committed 13952K, reserved 1048576K
}
Event: 1329.316 GC heap after
{Heap after GC invocations=50 (full 0):
 garbage-first heap   total 152576K, used 94325K [0x0000000080000000, 0x0000000100000000)
  region size 1024K, 1 young (1024K), 1 survivors (1024K)
 Metaspace       used 98541K, committed 99200K, reserved 1179648K
  class space    used 13614K, committed 13952K, reserved 1048576K
}
Event: 2668.163 GC heap before
{Heap before GC invocations=50 (full 0):
 garbage-first heap   total 152576K, used 125045K [0x0000000080000000, 0x0000000100000000)
  region size 1024K, 32 young (32768K), 1 survivors (1024K)
 Metaspace       used 98681K, committed 99392K, reserved 1179648K
  class space    used 13623K, committed 13952K, reserved 1048576K
}
Event: 2668.633 GC heap after
{Heap after GC invocations=51 (full 0):
 garbage-first heap   total 152576K, used 94277K [0x0000000080000000, 0x0000000100000000)
  region size 1024K, 1 young (1024K), 1 survivors (1024K)
 Metaspace       used 98681K, committed 99392K, reserved 1179648K
  class space    used 13623K, committed 13952K, reserved 1048576K
}
Event: 2673.503 GC heap before
{Heap before GC invocations=51 (full 0):
 garbage-first heap   total 152576K, used 122949K [0x0000000080000000, 0x0000000100000000)
  region size 1024K, 30 young (30720K), 1 survivors (1024K)
 Metaspace       used 100804K, committed 101504K, reserved 1179648K
  class space    used 13889K, committed 14272K, reserved 1048576K
}
Event: 2673.674 GC heap after
{Heap after GC invocations=52 (full 0):
 garbage-first heap   total 152576K, used 96909K [0x0000000080000000, 0x0000000100000000)
  region size 1024K, 4 young (4096K), 4 survivors (4096K)
 Metaspace       used 100804K, committed 101504K, reserved 1179648K
  class space    used 13889K, committed 14272K, reserved 1048576K
}
Event: 2674.600 GC heap before
{Heap before GC invocations=52 (full 0):
 garbage-first heap   total 152576K, used 106125K [0x0000000080000000, 0x0000000100000000)
  region size 1024K, 13 young (13312K), 4 survivors (4096K)
 Metaspace       used 100999K, committed 101760K, reserved 1179648K
  class space    used 13899K, committed 14272K, reserved 1048576K
}
Event: 2674.649 GC heap after
{Heap after GC invocations=53 (full 0):
 garbage-first heap   total 152576K, used 98987K [0x0000000080000000, 0x0000000100000000)
  region size 1024K, 2 young (2048K), 2 survivors (2048K)
 Metaspace       used 100999K, committed 101760K, reserved 1179648K
  class space    used 13899K, committed 14272K, reserved 1048576K
}
Event: 2677.066 GC heap before
{Heap before GC invocations=53 (full 0):
 garbage-first heap   total 152576K, used 126635K [0x0000000080000000, 0x0000000100000000)
  region size 1024K, 25 young (25600K), 2 survivors (2048K)
 Metaspace       used 102445K, committed 103232K, reserved 1179648K
  class space    used 14013K, committed 14400K, reserved 1048576K
}
Event: 2677.159 GC heap after
{Heap after GC invocations=54 (full 0):
 garbage-first heap   total 152576K, used 101842K [0x0000000080000000, 0x0000000100000000)
  region size 1024K, 4 young (4096K), 4 survivors (4096K)
 Metaspace       used 102445K, committed 103232K, reserved 1179648K
  class space    used 14013K, committed 14400K, reserved 1048576K
}
Event: 2677.919 GC heap before
{Heap before GC invocations=54 (full 0):
 garbage-first heap   total 152576K, used 119250K [0x0000000080000000, 0x0000000100000000)
  region size 1024K, 19 young (19456K), 4 survivors (4096K)
 Metaspace       used 103268K, committed 104064K, reserved 1179648K
  class space    used 14081K, committed 14464K, reserved 1048576K
}
Event: 2678.085 GC heap after
{Heap after GC invocations=55 (full 0):
 garbage-first heap   total 152576K, used 112804K [0x0000000080000000, 0x0000000100000000)
  region size 1024K, 3 young (3072K), 3 survivors (3072K)
 Metaspace       used 103268K, committed 104064K, reserved 1179648K
  class space    used 14081K, committed 14464K, reserved 1048576K
}
Event: 2678.283 GC heap before
{Heap before GC invocations=55 (full 0):
 garbage-first heap   total 152576K, used 118948K [0x0000000080000000, 0x0000000100000000)
  region size 1024K, 10 young (10240K), 3 survivors (3072K)
 Metaspace       used 103892K, committed 104640K, reserved 1179648K
  class space    used 14161K, committed 14528K, reserved 1048576K
}
Event: 2678.300 GC heap after
{Heap after GC invocations=56 (full 0):
 garbage-first heap   total 152576K, used 116624K [0x0000000080000000, 0x0000000100000000)
  region size 1024K, 2 young (2048K), 2 survivors (2048K)
 Metaspace       used 103892K, committed 104640K, reserved 1179648K
  class space    used 14161K, committed 14528K, reserved 1048576K
}
Event: 2678.354 GC heap before
{Heap before GC invocations=56 (full 0):
 garbage-first heap   total 152576K, used 125840K [0x0000000080000000, 0x0000000100000000)
  region size 1024K, 11 young (11264K), 2 survivors (2048K)
 Metaspace       used 103917K, committed 104704K, reserved 1179648K
  class space    used 14161K, committed 14528K, reserved 1048576K
}
Event: 2678.468 GC heap after
{Heap after GC invocations=57 (full 0):
 garbage-first heap   total 152576K, used 125191K [0x0000000080000000, 0x0000000100000000)
  region size 1024K, 2 young (2048K), 2 survivors (2048K)
 Metaspace       used 103917K, committed 104704K, reserved 1179648K
  class space    used 14161K, committed 14528K, reserved 1048576K
}
Event: 2678.548 GC heap before
{Heap before GC invocations=57 (full 0):
 garbage-first heap   total 152576K, used 129287K [0x0000000080000000, 0x0000000100000000)
  region size 1024K, 7 young (7168K), 2 survivors (2048K)
 Metaspace       used 104063K, committed 104768K, reserved 1179648K
  class space    used 14181K, committed 14528K, reserved 1048576K
}

